<?xml version="1.0" encoding="UTF-8"?>
<!-- Generated by org.testng.reporters.JUnitReportReporter -->
<testsuite hostname="SHUBHAM-PC" failures="0" tests="3" name="tests.LoginPageTest" time="56.346" errors="0" timestamp="2023-02-18T15:57:38 IST" skipped="0">
  <testcase classname="tests.LoginPageTest" name="VerifyLogoTest" time="17.848"/>
  <system-out>
    <![CDATA[logo tested]]>
  </system-out>
  <testcase classname="tests.LoginPageTest" name="VerifyTitleTest" time="20.341"/>
  <system-out>
    <![CDATA[VerifyTitleTest]]>
  </system-out>
  <testcase classname="tests.LoginPageTest" name="loginPageTest" time="18.157"/>
  <system-out>
    <![CDATA[login sucessfully]]>
  </system-out>
</testsuite> <!-- tests.LoginPageTest -->
