<?xml version="1.0" encoding="UTF-8"?>
<!-- Generated by org.testng.reporters.JUnitReportReporter -->
<testsuite hostname="SHUBHAM-PC" failures="0" tests="1" name="tests.inventoryTest" time="32.104" errors="0" timestamp="2023-02-06T12:53:34 IST" skipped="0">
  <testcase classname="tests.inventoryTest" name="AddInventoryTest" time="32.104"/>
  <system-out/>
</testsuite> <!-- tests.inventoryTest -->
