<?xml version="1.0" encoding="UTF-8"?>
<!-- Generated by org.testng.reporters.JUnitReportReporter -->
<testsuite hostname="SHUBHAM-PC" failures="0" tests="1" name="tests.YourCartPageTest" time="5.078" errors="0" timestamp="2023-02-18T15:13:45 IST" skipped="0">
  <testcase classname="tests.YourCartPageTest" name="addcarttest" time="5.078"/>
  <system-out/>
</testsuite> <!-- tests.YourCartPageTest -->
