<?xml version="1.0" encoding="UTF-8"?>
<!-- Generated by org.testng.reporters.JUnitReportReporter -->
<testsuite hostname="SHUBHAM-PC" failures="0" tests="2" name="tests.inventoryPageTest" time="20.887" errors="0" timestamp="2023-02-18T15:57:38 IST" skipped="0">
  <testcase classname="tests.inventoryPageTest" name="AddInventoryTest" time="18.445"/>
  <system-out/>
  <testcase classname="tests.inventoryPageTest" name="AddInventoryTest1" time="2.442"/>
  <system-out/>
</testsuite> <!-- tests.inventoryPageTest -->
