<?xml version="1.0" encoding="UTF-8"?>
<!-- Generated by org.testng.reporters.JUnitReportReporter -->
<testsuite hostname="SHUBHAM-PC" failures="0" tests="1" name="tests.CheckoutStage2Test" time="28.437" errors="0" timestamp="2023-02-18T15:57:38 IST" skipped="0">
  <testcase classname="tests.CheckoutStage2Test" name="FinalCartDetailsTest" time="28.437"/>
  <system-out/>
</testsuite> <!-- tests.CheckoutStage2Test -->
