<?xml version="1.0" encoding="UTF-8"?>
<!-- Generated by org.testng.reporters.JUnitReportReporter -->
<testsuite hostname="SHUBHAM-PC" failures="0" tests="1" name="tests.CheckoutPageTest" time="21.308" errors="0" timestamp="2023-02-18T15:57:38 IST" skipped="0">
  <testcase classname="tests.CheckoutPageTest" name="CheckoutTest" time="21.308"/>
  <system-out/>
</testsuite> <!-- tests.CheckoutPageTest -->
